c:\users\sergey\source\repos\ldyom_asi\ldyom_asi\.obj\gtasa\debug\vc141.pdb
c:\users\sergey\source\repos\ldyom_asi\ldyom_asi\.obj\gtasa\debug\vc141.idb
c:\users\sergey\source\repos\ldyom_asi\ldyom_asi\.obj\gtasa\debug\vmt.obj
c:\users\sergey\source\repos\ldyom_asi\ldyom_asi\.obj\gtasa\debug\vehicle_renderer.obj
c:\users\sergey\source\repos\ldyom_asi\ldyom_asi\.obj\gtasa\debug\scriptmanager.obj
c:\users\sergey\source\repos\ldyom_asi\ldyom_asi\.obj\gtasa\debug\nodegraph.obj
c:\users\sergey\source\repos\ldyom_asi\ldyom_asi\.obj\gtasa\debug\missionplayer.obj
c:\users\sergey\source\repos\ldyom_asi\ldyom_asi\.obj\gtasa\debug\manager.obj
c:\users\sergey\source\repos\ldyom_asi\ldyom_asi\.obj\gtasa\debug\pch.obj
c:\users\sergey\source\repos\ldyom_asi\ldyom_asi\.obj\gtasa\debug\memsafe.obj
c:\users\sergey\source\repos\ldyom_asi\ldyom_asi\.obj\gtasa\debug\coro_wait.obj
c:\users\sergey\source\repos\ldyom_asi\ldyom_asi\.obj\gtasa\debug\additional_events.obj
c:\users\sergey\source\repos\ldyom_asi\ldyom_asi\.obj\gtasa\debug\ldyom_asi.obj
c:\users\sergey\source\repos\ldyom_asi\ldyom_asi\.obj\gtasa\debug\init.obj
c:\users\sergey\source\repos\ldyom_asi\ldyom_asi\.obj\gtasa\debug\imnodes.obj
c:\users\sergey\source\repos\ldyom_asi\ldyom_asi\.obj\gtasa\debug\imgui_widgets.obj
c:\users\sergey\source\repos\ldyom_asi\ldyom_asi\.obj\gtasa\debug\imgui_impl_win32.obj
c:\users\sergey\source\repos\ldyom_asi\ldyom_asi\.obj\gtasa\debug\imgui_impl_dx9.obj
c:\users\sergey\source\repos\ldyom_asi\ldyom_asi\.obj\gtasa\debug\imgui_draw.obj
c:\users\sergey\source\repos\ldyom_asi\ldyom_asi\.obj\gtasa\debug\imgui_demo.obj
c:\users\sergey\source\repos\ldyom_asi\ldyom_asi\.obj\gtasa\debug\imgui.obj
c:\users\sergey\source\repos\ldyom_asi\ldyom_asi\.obj\gtasa\debug\carselector.obj
c:\users\sergey\source\repos\ldyom_asi\ldyom_asi\.obj\gtasa\debug\zutil.obj
c:\users\sergey\source\repos\ldyom_asi\ldyom_asi\.obj\gtasa\debug\uncompr.obj
c:\users\sergey\source\repos\ldyom_asi\ldyom_asi\.obj\gtasa\debug\trees.obj
c:\users\sergey\source\repos\ldyom_asi\ldyom_asi\.obj\gtasa\debug\inftrees.obj
c:\users\sergey\source\repos\ldyom_asi\ldyom_asi\.obj\gtasa\debug\inflate.obj
c:\users\sergey\source\repos\ldyom_asi\ldyom_asi\.obj\gtasa\debug\inffast.obj
c:\users\sergey\source\repos\ldyom_asi\ldyom_asi\.obj\gtasa\debug\infback.obj
c:\users\sergey\source\repos\ldyom_asi\ldyom_asi\.obj\gtasa\debug\gzwrite.obj
c:\users\sergey\source\repos\ldyom_asi\ldyom_asi\.obj\gtasa\debug\gzread.obj
c:\users\sergey\source\repos\ldyom_asi\ldyom_asi\.obj\gtasa\debug\gzlib.obj
c:\users\sergey\source\repos\ldyom_asi\ldyom_asi\.obj\gtasa\debug\gzclose.obj
c:\users\sergey\source\repos\ldyom_asi\ldyom_asi\.obj\gtasa\debug\deflate.obj
c:\users\sergey\source\repos\ldyom_asi\ldyom_asi\.obj\gtasa\debug\crc32.obj
c:\users\sergey\source\repos\ldyom_asi\ldyom_asi\.obj\gtasa\debug\compress.obj
c:\users\sergey\source\repos\ldyom_asi\ldyom_asi\.obj\gtasa\debug\adler32.obj
c:\users\sergey\source\repos\ldyom_asi\ldyom_asi\.obj\gtasa\debug\scriptcommands.obj
c:\users\user\documents\source\repos\ldyom_asi\ldyom_asi\.obj\gtasa\debug\vc141.pdb
c:\users\user\documents\source\repos\ldyom_asi\ldyom_asi\.obj\gtasa\debug\vc141.idb
c:\users\user\documents\source\repos\ldyom_asi\ldyom_asi\.obj\gtasa\debug\vehicle_renderer.obj
c:\users\user\documents\source\repos\ldyom_asi\ldyom_asi\.obj\gtasa\debug\missionplayer.obj
c:\users\user\documents\source\repos\ldyom_asi\ldyom_asi\.obj\gtasa\debug\manager.obj
c:\users\user\documents\source\repos\ldyom_asi\ldyom_asi\.obj\gtasa\debug\scriptcommands.obj
c:\users\user\documents\source\repos\ldyom_asi\ldyom_asi\.obj\gtasa\debug\pch.obj
c:\users\user\documents\source\repos\ldyom_asi\ldyom_asi\.obj\gtasa\debug\memsafe.obj
c:\users\user\documents\source\repos\ldyom_asi\ldyom_asi\.obj\gtasa\debug\coro_wait.obj
c:\users\user\documents\source\repos\ldyom_asi\ldyom_asi\.obj\gtasa\debug\additional_events.obj
c:\users\user\documents\source\repos\ldyom_asi\ldyom_asi\.obj\gtasa\debug\ldyom_asi.obj
c:\users\user\documents\source\repos\ldyom_asi\ldyom_asi\.obj\gtasa\debug\init.obj
c:\users\user\documents\source\repos\ldyom_asi\ldyom_asi\.obj\gtasa\debug\imnodes.obj
c:\users\user\documents\source\repos\ldyom_asi\ldyom_asi\.obj\gtasa\debug\imgui_widgets.obj
c:\users\user\documents\source\repos\ldyom_asi\ldyom_asi\.obj\gtasa\debug\imgui_impl_win32.obj
c:\users\user\documents\source\repos\ldyom_asi\ldyom_asi\.obj\gtasa\debug\imgui_impl_dx9.obj
c:\users\user\documents\source\repos\ldyom_asi\ldyom_asi\.obj\gtasa\debug\imgui_draw.obj
c:\users\user\documents\source\repos\ldyom_asi\ldyom_asi\.obj\gtasa\debug\imgui_demo.obj
c:\users\user\documents\source\repos\ldyom_asi\ldyom_asi\.obj\gtasa\debug\imgui.obj
c:\users\user\documents\source\repos\ldyom_asi\ldyom_asi\.obj\gtasa\debug\carselector.obj
c:\users\user\documents\source\repos\ldyom_asi\ldyom_asi\.obj\gtasa\debug\vmt.obj
c:\users\user\documents\source\repos\ldyom_asi\ldyom_asi\.obj\gtasa\debug\scriptmanager.obj
c:\users\user\documents\source\repos\ldyom_asi\ldyom_asi\.obj\gtasa\debug\nodegraph.obj
c:\users\user\documents\source\repos\ldyom_asi\ldyom_asi\.obj\gtasa\debug\zutil.obj
c:\users\user\documents\source\repos\ldyom_asi\ldyom_asi\.obj\gtasa\debug\uncompr.obj
c:\users\user\documents\source\repos\ldyom_asi\ldyom_asi\.obj\gtasa\debug\trees.obj
c:\users\user\documents\source\repos\ldyom_asi\ldyom_asi\.obj\gtasa\debug\inftrees.obj
c:\users\user\documents\source\repos\ldyom_asi\ldyom_asi\.obj\gtasa\debug\inflate.obj
c:\users\user\documents\source\repos\ldyom_asi\ldyom_asi\.obj\gtasa\debug\inffast.obj
c:\users\user\documents\source\repos\ldyom_asi\ldyom_asi\.obj\gtasa\debug\infback.obj
c:\users\user\documents\source\repos\ldyom_asi\ldyom_asi\.obj\gtasa\debug\gzwrite.obj
c:\users\user\documents\source\repos\ldyom_asi\ldyom_asi\.obj\gtasa\debug\gzread.obj
c:\users\user\documents\source\repos\ldyom_asi\ldyom_asi\.obj\gtasa\debug\gzlib.obj
c:\users\user\documents\source\repos\ldyom_asi\ldyom_asi\.obj\gtasa\debug\gzclose.obj
c:\users\user\documents\source\repos\ldyom_asi\ldyom_asi\.obj\gtasa\debug\deflate.obj
c:\users\user\documents\source\repos\ldyom_asi\ldyom_asi\.obj\gtasa\debug\crc32.obj
c:\users\user\documents\source\repos\ldyom_asi\ldyom_asi\.obj\gtasa\debug\compress.obj
c:\users\user\documents\source\repos\ldyom_asi\ldyom_asi\.obj\gtasa\debug\adler32.obj
c:\games\grand theft auto san andreas\scripts\ldyom_asi.sa.lib
c:\games\grand theft auto san andreas\scripts\ldyom_asi.sa.exp
c:\games\grand theft auto san andreas\scripts\ldyom_asi.sa.asi
c:\games\grand theft auto san andreas\scripts\ldyom_asi.sa.ilk
c:\games\grand theft auto san andreas\scripts\ldyom_asi.sa.pdb
c:\users\sergey\source\repos\ldyom_asi\ldyom_asi\.obj\gtasa\debug\ldyom_asi.res
c:\users\user\documents\source\repos\ldyom_asi\ldyom_asi\.obj\gtasa\debug\ldyom_asi.res
c:\users\user\documents\source\repos\ldyom_asi\ldyom_asi\.obj\gtasa\debug\ldyom_asi.tlog\cl.command.1.tlog
c:\users\user\documents\source\repos\ldyom_asi\ldyom_asi\.obj\gtasa\debug\ldyom_asi.tlog\cl.read.1.tlog
c:\users\user\documents\source\repos\ldyom_asi\ldyom_asi\.obj\gtasa\debug\ldyom_asi.tlog\cl.write.1.tlog
c:\users\user\documents\source\repos\ldyom_asi\ldyom_asi\.obj\gtasa\debug\ldyom_asi.tlog\ldyom_asi.write.1u.tlog
c:\users\user\documents\source\repos\ldyom_asi\ldyom_asi\.obj\gtasa\debug\ldyom_asi.tlog\link-cvtres.read.1.tlog
c:\users\user\documents\source\repos\ldyom_asi\ldyom_asi\.obj\gtasa\debug\ldyom_asi.tlog\link-cvtres.write.1.tlog
c:\users\user\documents\source\repos\ldyom_asi\ldyom_asi\.obj\gtasa\debug\ldyom_asi.tlog\link-rc.read.1.tlog
c:\users\user\documents\source\repos\ldyom_asi\ldyom_asi\.obj\gtasa\debug\ldyom_asi.tlog\link-rc.write.1.tlog
c:\users\user\documents\source\repos\ldyom_asi\ldyom_asi\.obj\gtasa\debug\ldyom_asi.tlog\link.command.1.tlog
c:\users\user\documents\source\repos\ldyom_asi\ldyom_asi\.obj\gtasa\debug\ldyom_asi.tlog\link.delete.1.tlog
c:\users\user\documents\source\repos\ldyom_asi\ldyom_asi\.obj\gtasa\debug\ldyom_asi.tlog\link.read.1.tlog
c:\users\user\documents\source\repos\ldyom_asi\ldyom_asi\.obj\gtasa\debug\ldyom_asi.tlog\link.write.1.tlog
c:\users\user\documents\source\repos\ldyom_asi\ldyom_asi\.obj\gtasa\debug\ldyom_asi.tlog\rc.command.1.tlog
c:\users\user\documents\source\repos\ldyom_asi\ldyom_asi\.obj\gtasa\debug\ldyom_asi.tlog\rc.read.1.tlog
c:\users\user\documents\source\repos\ldyom_asi\ldyom_asi\.obj\gtasa\debug\ldyom_asi.tlog\rc.write.1.tlog
